<?xml version="1.0" encoding="UTF-8"?>
<testsuite xmlns:xsi="http://www.w3.org/2001/XMLSchema-instance" xsi:noNamespaceSchemaLocation="https://maven.apache.org/surefire/maven-surefire-plugin/xsd/surefire-test-report.xsd" version="3.0.2" name="com.erp.ia.integration.PostgresIntegrationTest" time="8.532" tests="5" errors="0" skipped="0" failures="0">
  <properties>
[...]
</properties>
  <testcase name="fullLifecycleWithRealPostgres" classname="com.erp.ia.integration.PostgresIntegrationTest" time="0.184">
    <system-out><![CDATA[2026-02-17 21:25:00,945 [no-correlation] INFO  o.testcontainers.images.PullPolicy - Image pull policy will be performed by: DefaultPullPolicy()
2026-02-17 21:25:00,948 [no-correlation] INFO  o.t.utility.ImageNameSubstitutor - Image name substitution will be performed by: DefaultImageNameSubstitutor (composite of 'ConfigurationFileImageNameSubstitutor' and 'PrefixingImageNameSubstitutor')
2026-02-17 21:25:00,956 [no-correlation] INFO  o.testcontainers.DockerClientFactory - Testcontainers version: 1.21.0
2026-02-17 21:25:01,489 [no-correlation] INFO  o.t.d.DockerClientProviderStrategy - Found Docker environment with Environment variables, system properties and defaults. Resolved dockerHost=tcp://localhost:2375
2026-02-17 21:25:01,490 [no-correlation] INFO  o.testcontainers.DockerClientFactory - Docker host IP address is localhost
2026-02-17 21:25:01,519 [no-correlation] INFO  o.testcontainers.DockerClientFactory - Connected to docker: 
  Server Version: 29.2.0
  API Version: 1.53
  Operating System: Docker Desktop
  Total Memory: 7897 MB
  Labels: 
    com.docker.desktop.address=npipe://\\.\pipe\docker_cli
2026-02-17 21:25:01,527 [no-correlation] INFO  o.testcontainers.DockerClientFactory - Checking the system...
2026-02-17 21:25:01,527 [no-correlation] INFO  o.testcontainers.DockerClientFactory - ✔︎ Docker server version should be at least 1.6.0
2026-02-17 21:25:01,531 [no-correlation] INFO  o.s.t.c.s.AnnotationConfigContextLoaderUtils - Could not detect default configuration classes for test class [com.erp.ia.integration.PostgresIntegrationTest]: PostgresIntegrationTest does not declare any static, non-private, non-final, nested classes annotated with @Configuration.
2026-02-17 21:25:01,533 [no-correlation] INFO  o.s.b.t.c.SpringBootTestContextBootstrapper - Found @SpringBootConfiguration com.erp.ia.ErpIaApplication for test class com.erp.ia.integration.PostgresIntegrationTest
2026-02-17 21:25:01,649 [no-correlation] INFO  tc.postgres:16-alpine - Creating container for image: postgres:16-alpine
2026-02-17 21:25:01,753 [no-correlation] INFO  tc.testcontainers/ryuk:0.11.0 - Creating container for image: testcontainers/ryuk:0.11.0
2026-02-17 21:25:01,940 [no-correlation] INFO  tc.testcontainers/ryuk:0.11.0 - Container testcontainers/ryuk:0.11.0 is starting: 8fd7ceab50726c48e4bb27e46fd193ed58fe184461e1abf2cfeee1addd269bdc
2026-02-17 21:25:02,594 [no-correlation] INFO  tc.testcontainers/ryuk:0.11.0 - Container testcontainers/ryuk:0.11.0 started in PT0.8403726S
2026-02-17 21:25:02,719 [no-correlation] INFO  tc.postgres:16-alpine - Container postgres:16-alpine is starting: 117b67ba678afefa1e43cc60724d5516e9c2d8267df0a4eb8d3b0f7443a16b1b
2026-02-17 21:25:05,639 [no-correlation] INFO  tc.postgres:16-alpine - Container postgres:16-alpine started in PT3.9899239S
2026-02-17 21:25:05,640 [no-correlation] INFO  tc.postgres:16-alpine - Container is started (JDBC URL: jdbc:postgresql://localhost:58628/erp_test?loggerLevel=OFF)

  .   ____          _            __ _ _
 /\\ / ___'_ __ _ _(_)_ __  __ _ \ \ \ \
( ( )\___ | '_ | '_| | '_ \/ _` | \ \ \ \
 \\/  ___)| |_)| | | | | || (_| |  ) ) ) )
  '  |____| .__|_| |_|_| |_\__, | / / / /
 =========|_|==============|___/=/_/_/_/

 :: Spring Boot ::                (v3.4.2)

2026-02-17 21:25:05,683 [no-correlation] INFO  c.e.i.i.PostgresIntegrationTest - Starting PostgresIntegrationTest using Java 21.0.10 with PID 29348 (started by lucas in C:\Users\lucas\IdeaProjects\ERP)
2026-02-17 21:25:05,683 [no-correlation] INFO  c.e.i.i.PostgresIntegrationTest - The following 1 profile is active: "dev"
2026-02-17 21:25:06,260 [no-correlation] INFO  o.s.d.r.c.RepositoryConfigurationDelegate - Bootstrapping Spring Data JPA repositories in DEFAULT mode.
2026-02-17 21:25:06,296 [no-correlation] INFO  o.s.d.r.c.RepositoryConfigurationDelegate - Finished Spring Data repository scanning in 33 ms. Found 7 JPA repository interfaces.
2026-02-17 21:25:06,467 [no-correlation] INFO  com.zaxxer.hikari.HikariDataSource - HikariPool-2 - Starting...
2026-02-17 21:25:06,653 [no-correlation] INFO  com.zaxxer.hikari.pool.HikariPool - HikariPool-2 - Added connection org.postgresql.jdbc.PgConnection@4632eca6
2026-02-17 21:25:06,653 [no-correlation] INFO  com.zaxxer.hikari.HikariDataSource - HikariPool-2 - Start completed.
2026-02-17 21:25:06,667 [no-correlation] INFO  org.flywaydb.core.FlywayExecutor - Database: jdbc:postgresql://localhost:58628/erp_test?loggerLevel=OFF (PostgreSQL 16.12)
2026-02-17 21:25:06,712 [no-correlation] INFO  o.f.c.i.s.JdbcTableSchemaHistory - Schema history table "public"."flyway_schema_history" does not exist yet
2026-02-17 21:25:06,715 [no-correlation] INFO  o.f.core.internal.command.DbValidate - Successfully validated 5 migrations (execution time 00:00.019s)
2026-02-17 21:25:06,738 [no-correlation] INFO  o.f.c.i.s.JdbcTableSchemaHistory - Creating Schema History table "public"."flyway_schema_history" ...
2026-02-17 21:25:06,813 [no-correlation] INFO  o.f.core.internal.command.DbMigrate - Current version of schema "public": << Empty Schema >>
2026-02-17 21:25:06,830 [no-correlation] INFO  o.f.core.internal.command.DbMigrate - Migrating schema "public" to version "1 - core schema"
2026-02-17 21:25:06,946 [no-correlation] INFO  o.f.core.internal.command.DbMigrate - Migrating schema "public" to version "2 - prompt schema"
2026-02-17 21:25:07,012 [no-correlation] INFO  o.f.core.internal.command.DbMigrate - Migrating schema "public" to version "3 - audit schema"
2026-02-17 21:25:07,085 [no-correlation] INFO  o.f.core.internal.command.DbMigrate - Migrating schema "public" to version "4 - execution schema"
2026-02-17 21:25:07,126 [no-correlation] INFO  o.f.core.internal.command.DbMigrate - Migrating schema "public" to version "5 - seed prompts"
2026-02-17 21:25:07,157 [no-correlation] INFO  o.f.core.internal.command.DbMigrate - Successfully applied 5 migrations to schema "public", now at version v5 (execution time 00:00.211s)
2026-02-17 21:25:07,213 [no-correlation] INFO  o.h.jpa.internal.util.LogHelper - HHH000204: Processing PersistenceUnitInfo [name: default]
2026-02-17 21:25:07,218 [no-correlation] INFO  o.h.c.i.RegionFactoryInitiator - HHH000026: Second-level cache disabled
2026-02-17 21:25:07,232 [no-correlation] INFO  o.s.o.j.p.SpringPersistenceUnitInfo - No LoadTimeWeaver setup: ignoring JPA class transformer
2026-02-17 21:25:07,253 [no-correlation] INFO  o.hibernate.orm.connections.pooling - HHH10001005: Database info:
	Database JDBC URL [Connecting through datasource 'HikariDataSource (HikariPool-2)']
	Database driver: undefined/unknown
	Database version: 16.12
	Autocommit mode: undefined/unknown
	Isolation level: undefined/unknown
	Minimum pool size: undefined/unknown
	Maximum pool size: undefined/unknown
2026-02-17 21:25:07,592 [no-correlation] INFO  o.h.e.t.j.p.i.JtaPlatformInitiator - HHH000489: No JTA platform available (set 'hibernate.transaction.jta.platform' to enable JTA platform integration)
2026-02-17 21:25:07,637 [no-correlation] INFO  o.s.o.j.LocalContainerEntityManagerFactoryBean - Initialized JPA EntityManagerFactory for persistence unit 'default'
2026-02-17 21:25:07,892 [no-correlation] INFO  com.erp.ia.policy.PolicyEngine - PolicyEngine initialized with 3 rules
2026-02-17 21:25:08,103 [no-correlation] INFO  com.erp.ia.execution.ActionExecutor - Registered ActionHandler: ADJUST_STOCK → AdjustStockHandler
2026-02-17 21:25:08,103 [no-correlation] INFO  com.erp.ia.execution.ActionExecutor - Registered ActionHandler: DRAFT_PURCHASE_ORDER → DraftPurchaseOrderHandler
2026-02-17 21:25:08,238 [no-correlation] WARN  o.s.b.a.s.s.UserDetailsServiceAutoConfiguration - 

Using generated security password: 7df15dd3-1651-4c83-87d8-70aff0f8525c

This generated password is for development use only. Your security configuration must be updated before running your application in production.

2026-02-17 21:25:08,243 [no-correlation] INFO  o.s.s.c.a.a.c.InitializeUserDetailsBeanManagerConfigurer$InitializeUserDetailsManagerConfigurer - Global AuthenticationManager configured with UserDetailsService bean with name inMemoryUserDetailsManager
2026-02-17 21:25:08,577 [no-correlation] INFO  o.s.b.a.e.web.EndpointLinksResolver - Exposing 3 endpoints beneath base path '/actuator'
2026-02-17 21:25:09,011 [no-correlation] INFO  c.e.i.i.PostgresIntegrationTest - Started PostgresIntegrationTest in 3.367 seconds (process running for 22.254)
Hibernate: select s1_0.id,s1_0.max_quantity,s1_0.min_quantity,s1_0.product_id,s1_0.quantity,s1_0.tenant_id,s1_0.updated_at,s1_0.warehouse from stocks s1_0
Hibernate: select p1_0.id,p1_0.active,p1_0.category,p1_0.created_at,p1_0.description,p1_0.name,p1_0.sku,p1_0.tenant_id,p1_0.unit,p1_0.updated_at from products p1_0
Hibernate: insert into products (active,category,created_at,description,name,sku,tenant_id,unit,updated_at) values (?,?,?,?,?,?,?,?,?)
Hibernate: insert into stocks (max_quantity,min_quantity,product_id,quantity,tenant_id,updated_at,warehouse) values (?,?,?,?,?,?,?)
2026-02-17 21:25:09,054 [no-correlation] INFO  com.erp.ia.agent.AgentOrchestrator - Processing intent: 'reorder' [correlation=pg-corr-1]
2026-02-17 21:25:09,054 [no-correlation] INFO  com.erp.ia.agent.AgentOrchestrator - Routed to agent: inventory-agent
2026-02-17 21:25:09,054 [no-correlation] INFO  com.erp.ia.agent.AgentOrchestrator - Agent plan: 2 tool calls
2026-02-17 21:25:09,055 [no-correlation] INFO  com.erp.ia.tool.ToolExecutor - Executing tool: StockQueryTool with input: {tenantId=default}
Hibernate: select s1_0.id,s1_0.max_quantity,s1_0.min_quantity,s1_0.product_id,s1_0.quantity,s1_0.tenant_id,s1_0.updated_at,s1_0.warehouse from stocks s1_0 where s1_0.tenant_id=?
2026-02-17 21:25:09,062 [no-correlation] INFO  com.erp.ia.tool.ToolExecutor - Tool StockQueryTool completed in 8ms
2026-02-17 21:25:09,066 [no-correlation] INFO  com.erp.ia.tool.ToolExecutor - Executing tool: ProductQueryTool with input: {tenantId=default, belowMinimum=true}
Hibernate: select p1_0.id,p1_0.active,p1_0.category,p1_0.created_at,p1_0.description,p1_0.name,p1_0.sku,p1_0.tenant_id,p1_0.unit,p1_0.updated_at from products p1_0 where p1_0.tenant_id=?
2026-02-17 21:25:09,074 [no-correlation] INFO  com.erp.ia.tool.ToolExecutor - Tool ProductQueryTool completed in 12ms
2026-02-17 21:25:09,075 [no-correlation] INFO  com.erp.ia.agent.AgentOrchestrator - Context assembled: 2 evidences
Hibernate: select pt1_0.id,pt1_0.change_note,pt1_0.content,pt1_0.created_at,pt1_0.effective_from,pt1_0.name,pt1_0.status,pt1_0.tenant_id,pt1_0.variables,pt1_0.version from prompt_templates pt1_0 where pt1_0.name=? and pt1_0.status=? and pt1_0.tenant_id=? order by pt1_0.version desc fetch first ? rows only
2026-02-17 21:25:09,111 [no-correlation] WARN  com.erp.ia.llm.CloudLlmProvider - LLM call attempt 1 failed: null
2026-02-17 21:25:09,111 [no-correlation] WARN  com.erp.ia.agent.AgentOrchestrator - LLM returned error for agent 'inventory-agent': LLM call failed after 1 attempts: null
2026-02-17 21:25:09,114 [no-correlation] WARN  com.erp.ia.agent.AgentOrchestrator - LLM unavailable — falling back to deterministic synthesize for 'inventory-agent'
2026-02-17 21:25:09,114 [no-correlation] INFO  com.erp.ia.agent.AgentOrchestrator - Policy result: PASS
Hibernate: select dl1_0.id,dl1_0.action_plan,dl1_0.agent_name,dl1_0.approved_at,dl1_0.approved_by,dl1_0.correlation_id,dl1_0.created_at,dl1_0.input_data,dl1_0.intent,dl1_0.llm_request,dl1_0.llm_response,dl1_0.prompt_name,dl1_0.prompt_version,dl1_0.status,dl1_0.store_id,dl1_0.tenant_id,pr1_0.decision_log_id,pr1_0.id,pr1_0.evaluated_at,pr1_0.reason,pr1_0.result,pr1_0.rule_name from decision_logs dl1_0 left join decision_policy_results pr1_0 on dl1_0.id=pr1_0.decision_log_id where dl1_0.id=?
Hibernate: insert into decision_logs (action_plan,agent_name,approved_at,approved_by,correlation_id,created_at,input_data,intent,llm_request,llm_response,prompt_name,prompt_version,status,store_id,tenant_id,id) values (?,?,?,?,?,?,?,?,?,?,?,?,?,?,?,?)
Hibernate: insert into decision_policy_results (decision_log_id,evaluated_at,reason,result,rule_name) values (?,?,?,?,?)
Hibernate: insert into decision_policy_results (decision_log_id,evaluated_at,reason,result,rule_name) values (?,?,?,?,?)
Hibernate: insert into decision_policy_results (decision_log_id,evaluated_at,reason,result,rule_name) values (?,?,?,?,?)
Hibernate: insert into decision_tool_calls (called_at,decision_log_id,duration_ms,input_json,output_json,tool_name) values (?,?,?,?,?,?)
Hibernate: insert into decision_tool_calls (called_at,decision_log_id,duration_ms,input_json,output_json,tool_name) values (?,?,?,?,?,?)
2026-02-17 21:25:09,167 [no-correlation] INFO  com.erp.ia.agent.AgentOrchestrator - Decision logged: 032a9c98-7fd6-4eab-a558-7ca95700f054 [status=SUGGESTED]
Hibernate: select ea1_0.id from executed_actions ea1_0 where ea1_0.idempotency_key=? fetch first ? rows only
2026-02-17 21:25:09,178 [no-correlation] INFO  com.erp.ia.execution.ActionExecutor - Dispatching action DRAFT_PURCHASE_ORDER [key=d26d8f2e-9d16-4249-bcb1-b17940c54ade] to DraftPurchaseOrderHandler
2026-02-17 21:25:09,178 [no-correlation] INFO  c.e.i.e.h.DraftPurchaseOrderHandler - Creating draft purchase order: supplier=Fornecedor Padrão, reason=Reposição automática - itens abaixo do mínimo, auditId=032a9c98-7fd6-4eab-a558-7ca95700f054
Hibernate: insert into purchase_orders (approved_by,created_at,created_by,notes,order_number,status,store_id,supplier,tenant_id,total,updated_at) values (?,?,?,?,?,?,?,?,?,?,?)
2026-02-17 21:25:09,183 [no-correlation] INFO  c.e.i.e.h.DraftPurchaseOrderHandler - Purchase order created: id=1, orderNumber=PO-154AB3E5
2026-02-17 21:25:09,183 [no-correlation] INFO  com.erp.ia.event.InMemoryEventBus - Publishing event: PURCHASE_ORDER_DRAFTED (id=6252d053-c024-4c80-bab9-44d420cd2f18)
Hibernate: insert into executed_actions (action_type,audit_id,executed_at,executed_by,idempotency_key,result_json,status,tenant_id) values (?,?,?,?,?,?,?,?)
]]></system-out>
  </testcase>
  <testcase name="stockQueryWithRealPostgres" classname="com.erp.ia.integration.PostgresIntegrationTest" time="0.089">
    <system-out><![CDATA[Hibernate: select s1_0.id,s1_0.max_quantity,s1_0.min_quantity,s1_0.product_id,s1_0.quantity,s1_0.tenant_id,s1_0.updated_at,s1_0.warehouse from stocks s1_0
Hibernate: select p1_0.id,p1_0.active,p1_0.category,p1_0.created_at,p1_0.description,p1_0.name,p1_0.sku,p1_0.tenant_id,p1_0.unit,p1_0.updated_at from products p1_0
Hibernate: insert into products (active,category,created_at,description,name,sku,tenant_id,unit,updated_at) values (?,?,?,?,?,?,?,?,?)
Hibernate: insert into stocks (max_quantity,min_quantity,product_id,quantity,tenant_id,updated_at,warehouse) values (?,?,?,?,?,?,?)
2026-02-17 21:25:09,235 [no-correlation] INFO  com.erp.ia.agent.AgentOrchestrator - Processing intent: 'stock' [correlation=pg-corr-stock]
2026-02-17 21:25:09,236 [no-correlation] INFO  com.erp.ia.agent.AgentOrchestrator - Routed to agent: inventory-agent
2026-02-17 21:25:09,236 [no-correlation] INFO  com.erp.ia.agent.AgentOrchestrator - Agent plan: 1 tool calls
2026-02-17 21:25:09,236 [no-correlation] INFO  com.erp.ia.tool.ToolExecutor - Executing tool: StockQueryTool with input: {tenantId=default}
Hibernate: select s1_0.id,s1_0.max_quantity,s1_0.min_quantity,s1_0.product_id,s1_0.quantity,s1_0.tenant_id,s1_0.updated_at,s1_0.warehouse from stocks s1_0 where s1_0.tenant_id=?
Hibernate: select p1_0.id,p1_0.active,p1_0.category,p1_0.created_at,p1_0.description,p1_0.name,p1_0.sku,p1_0.tenant_id,p1_0.unit,p1_0.updated_at from products p1_0 where p1_0.id=?
2026-02-17 21:25:09,250 [no-correlation] INFO  com.erp.ia.tool.ToolExecutor - Tool StockQueryTool completed in 14ms
2026-02-17 21:25:09,251 [no-correlation] INFO  com.erp.ia.agent.AgentOrchestrator - Context assembled: 1 evidences
Hibernate: select pt1_0.id,pt1_0.change_note,pt1_0.content,pt1_0.created_at,pt1_0.effective_from,pt1_0.name,pt1_0.status,pt1_0.tenant_id,pt1_0.variables,pt1_0.version from prompt_templates pt1_0 where pt1_0.name=? and pt1_0.status=? and pt1_0.tenant_id=? order by pt1_0.version desc fetch first ? rows only
2026-02-17 21:25:09,274 [no-correlation] WARN  com.erp.ia.llm.CloudLlmProvider - LLM call attempt 1 failed: null
2026-02-17 21:25:09,274 [no-correlation] WARN  com.erp.ia.agent.AgentOrchestrator - LLM returned error for agent 'inventory-agent': LLM call failed after 1 attempts: null
2026-02-17 21:25:09,274 [no-correlation] WARN  com.erp.ia.agent.AgentOrchestrator - LLM unavailable — falling back to deterministic synthesize for 'inventory-agent'
Hibernate: select dl1_0.id,dl1_0.action_plan,dl1_0.agent_name,dl1_0.approved_at,dl1_0.approved_by,dl1_0.correlation_id,dl1_0.created_at,dl1_0.input_data,dl1_0.intent,dl1_0.llm_request,dl1_0.llm_response,dl1_0.prompt_name,dl1_0.prompt_version,dl1_0.status,dl1_0.store_id,dl1_0.tenant_id,pr1_0.decision_log_id,pr1_0.id,pr1_0.evaluated_at,pr1_0.reason,pr1_0.result,pr1_0.rule_name from decision_logs dl1_0 left join decision_policy_results pr1_0 on dl1_0.id=pr1_0.decision_log_id where dl1_0.id=?
Hibernate: insert into decision_logs (action_plan,agent_name,approved_at,approved_by,correlation_id,created_at,input_data,intent,llm_request,llm_response,prompt_name,prompt_version,status,store_id,tenant_id,id) values (?,?,?,?,?,?,?,?,?,?,?,?,?,?,?,?)
Hibernate: insert into decision_tool_calls (called_at,decision_log_id,duration_ms,input_json,output_json,tool_name) values (?,?,?,?,?,?)
2026-02-17 21:25:09,286 [no-correlation] INFO  com.erp.ia.agent.AgentOrchestrator - Decision logged: 4ec02e25-da28-4d98-bebc-3168ba5d3f6e [status=SUGGESTED]
]]></system-out>
  </testcase>
  <testcase name="promptSeedsShouldExistFromMigration" classname="com.erp.ia.integration.PostgresIntegrationTest" time="0.109">
    <system-out><![CDATA[Hibernate: select s1_0.id,s1_0.max_quantity,s1_0.min_quantity,s1_0.product_id,s1_0.quantity,s1_0.tenant_id,s1_0.updated_at,s1_0.warehouse from stocks s1_0
Hibernate: delete from stocks where id=?
Hibernate: select p1_0.id,p1_0.active,p1_0.category,p1_0.created_at,p1_0.description,p1_0.name,p1_0.sku,p1_0.tenant_id,p1_0.unit,p1_0.updated_at from products p1_0
Hibernate: delete from products where id=?
Hibernate: insert into products (active,category,created_at,description,name,sku,tenant_id,unit,updated_at) values (?,?,?,?,?,?,?,?,?)
Hibernate: insert into stocks (max_quantity,min_quantity,product_id,quantity,tenant_id,updated_at,warehouse) values (?,?,?,?,?,?,?)
Hibernate: select pt1_0.id,pt1_0.change_note,pt1_0.content,pt1_0.created_at,pt1_0.effective_from,pt1_0.name,pt1_0.status,pt1_0.tenant_id,pt1_0.variables,pt1_0.version from prompt_templates pt1_0 where pt1_0.name=? and pt1_0.status=? and pt1_0.tenant_id=? order by pt1_0.version desc fetch first ? rows only
Hibernate: select pt1_0.id,pt1_0.change_note,pt1_0.content,pt1_0.created_at,pt1_0.effective_from,pt1_0.name,pt1_0.status,pt1_0.tenant_id,pt1_0.variables,pt1_0.version from prompt_templates pt1_0 where pt1_0.name=? and pt1_0.status=? and pt1_0.tenant_id=? order by pt1_0.version desc fetch first ? rows only
Hibernate: select pt1_0.id,pt1_0.change_note,pt1_0.content,pt1_0.created_at,pt1_0.effective_from,pt1_0.name,pt1_0.status,pt1_0.tenant_id,pt1_0.variables,pt1_0.version from prompt_templates pt1_0 where pt1_0.name=? and pt1_0.status=? and pt1_0.tenant_id=? order by pt1_0.version desc fetch first ? rows only
]]></system-out>
  </testcase>
  <testcase name="flywayMigrationsRunSuccessfully" classname="com.erp.ia.integration.PostgresIntegrationTest" time="0.035">
    <system-out><![CDATA[Hibernate: select s1_0.id,s1_0.max_quantity,s1_0.min_quantity,s1_0.product_id,s1_0.quantity,s1_0.tenant_id,s1_0.updated_at,s1_0.warehouse from stocks s1_0
Hibernate: delete from stocks where id=?
Hibernate: select p1_0.id,p1_0.active,p1_0.category,p1_0.created_at,p1_0.description,p1_0.name,p1_0.sku,p1_0.tenant_id,p1_0.unit,p1_0.updated_at from products p1_0
Hibernate: delete from products where id=?
Hibernate: insert into products (active,category,created_at,description,name,sku,tenant_id,unit,updated_at) values (?,?,?,?,?,?,?,?,?)
Hibernate: insert into stocks (max_quantity,min_quantity,product_id,quantity,tenant_id,updated_at,warehouse) values (?,?,?,?,?,?,?)
Hibernate: select p1_0.id,p1_0.active,p1_0.category,p1_0.created_at,p1_0.description,p1_0.name,p1_0.sku,p1_0.tenant_id,p1_0.unit,p1_0.updated_at from products p1_0 where p1_0.tenant_id=?
]]></system-out>
  </testcase>
  <testcase name="executionShouldBeIdempotent" classname="com.erp.ia.integration.PostgresIntegrationTest" time="0.112">
    <system-out><![CDATA[Hibernate: select s1_0.id,s1_0.max_quantity,s1_0.min_quantity,s1_0.product_id,s1_0.quantity,s1_0.tenant_id,s1_0.updated_at,s1_0.warehouse from stocks s1_0
Hibernate: delete from stocks where id=?
Hibernate: select p1_0.id,p1_0.active,p1_0.category,p1_0.created_at,p1_0.description,p1_0.name,p1_0.sku,p1_0.tenant_id,p1_0.unit,p1_0.updated_at from products p1_0
Hibernate: delete from products where id=?
Hibernate: insert into products (active,category,created_at,description,name,sku,tenant_id,unit,updated_at) values (?,?,?,?,?,?,?,?,?)
Hibernate: insert into stocks (max_quantity,min_quantity,product_id,quantity,tenant_id,updated_at,warehouse) values (?,?,?,?,?,?,?)
2026-02-17 21:25:09,475 [no-correlation] INFO  com.erp.ia.agent.AgentOrchestrator - Processing intent: 'reorder' [correlation=pg-corr-idem]
2026-02-17 21:25:09,475 [no-correlation] INFO  com.erp.ia.agent.AgentOrchestrator - Routed to agent: inventory-agent
2026-02-17 21:25:09,475 [no-correlation] INFO  com.erp.ia.agent.AgentOrchestrator - Agent plan: 2 tool calls
2026-02-17 21:25:09,475 [no-correlation] INFO  com.erp.ia.tool.ToolExecutor - Executing tool: StockQueryTool with input: {tenantId=default}
Hibernate: select s1_0.id,s1_0.max_quantity,s1_0.min_quantity,s1_0.product_id,s1_0.quantity,s1_0.tenant_id,s1_0.updated_at,s1_0.warehouse from stocks s1_0 where s1_0.tenant_id=?
Hibernate: select p1_0.id,p1_0.active,p1_0.category,p1_0.created_at,p1_0.description,p1_0.name,p1_0.sku,p1_0.tenant_id,p1_0.unit,p1_0.updated_at from products p1_0 where p1_0.id=?
2026-02-17 21:25:09,481 [no-correlation] INFO  com.erp.ia.tool.ToolExecutor - Tool StockQueryTool completed in 6ms
2026-02-17 21:25:09,481 [no-correlation] INFO  com.erp.ia.tool.ToolExecutor - Executing tool: ProductQueryTool with input: {tenantId=default, belowMinimum=true}
Hibernate: select p1_0.id,p1_0.active,p1_0.category,p1_0.created_at,p1_0.description,p1_0.name,p1_0.sku,p1_0.tenant_id,p1_0.unit,p1_0.updated_at from products p1_0 where p1_0.tenant_id=?
2026-02-17 21:25:09,484 [no-correlation] INFO  com.erp.ia.tool.ToolExecutor - Tool ProductQueryTool completed in 3ms
2026-02-17 21:25:09,485 [no-correlation] INFO  com.erp.ia.agent.AgentOrchestrator - Context assembled: 2 evidences
Hibernate: select pt1_0.id,pt1_0.change_note,pt1_0.content,pt1_0.created_at,pt1_0.effective_from,pt1_0.name,pt1_0.status,pt1_0.tenant_id,pt1_0.variables,pt1_0.version from prompt_templates pt1_0 where pt1_0.name=? and pt1_0.status=? and pt1_0.tenant_id=? order by pt1_0.version desc fetch first ? rows only
2026-02-17 21:25:09,492 [no-correlation] WARN  com.erp.ia.llm.CloudLlmProvider - LLM call attempt 1 failed: null
2026-02-17 21:25:09,492 [no-correlation] ERROR com.erp.ia.llm.CloudLlmProvider - Circuit breaker OPENED after 3 consecutive failures
2026-02-17 21:25:09,492 [no-correlation] WARN  com.erp.ia.agent.AgentOrchestrator - LLM returned error for agent 'inventory-agent': LLM call failed after 1 attempts: null
2026-02-17 21:25:09,492 [no-correlation] WARN  com.erp.ia.agent.AgentOrchestrator - LLM unavailable — falling back to deterministic synthesize for 'inventory-agent'
2026-02-17 21:25:09,492 [no-correlation] INFO  com.erp.ia.agent.AgentOrchestrator - Policy result: PASS
Hibernate: select dl1_0.id,dl1_0.action_plan,dl1_0.agent_name,dl1_0.approved_at,dl1_0.approved_by,dl1_0.correlation_id,dl1_0.created_at,dl1_0.input_data,dl1_0.intent,dl1_0.llm_request,dl1_0.llm_response,dl1_0.prompt_name,dl1_0.prompt_version,dl1_0.status,dl1_0.store_id,dl1_0.tenant_id,pr1_0.decision_log_id,pr1_0.id,pr1_0.evaluated_at,pr1_0.reason,pr1_0.result,pr1_0.rule_name from decision_logs dl1_0 left join decision_policy_results pr1_0 on dl1_0.id=pr1_0.decision_log_id where dl1_0.id=?
Hibernate: insert into decision_logs (action_plan,agent_name,approved_at,approved_by,correlation_id,created_at,input_data,intent,llm_request,llm_response,prompt_name,prompt_version,status,store_id,tenant_id,id) values (?,?,?,?,?,?,?,?,?,?,?,?,?,?,?,?)
Hibernate: insert into decision_policy_results (decision_log_id,evaluated_at,reason,result,rule_name) values (?,?,?,?,?)
Hibernate: insert into decision_policy_results (decision_log_id,evaluated_at,reason,result,rule_name) values (?,?,?,?,?)
Hibernate: insert into decision_policy_results (decision_log_id,evaluated_at,reason,result,rule_name) values (?,?,?,?,?)
Hibernate: insert into decision_tool_calls (called_at,decision_log_id,duration_ms,input_json,output_json,tool_name) values (?,?,?,?,?,?)
Hibernate: insert into decision_tool_calls (called_at,decision_log_id,duration_ms,input_json,output_json,tool_name) values (?,?,?,?,?,?)
2026-02-17 21:25:09,518 [no-correlation] INFO  com.erp.ia.agent.AgentOrchestrator - Decision logged: 1d8c0895-fa05-4fab-aee9-6deebf71c5ba [status=SUGGESTED]
Hibernate: select dl1_0.id,dl1_0.action_plan,dl1_0.agent_name,dl1_0.approved_at,dl1_0.approved_by,dl1_0.correlation_id,dl1_0.created_at,dl1_0.input_data,dl1_0.intent,dl1_0.llm_request,dl1_0.llm_response,dl1_0.prompt_name,dl1_0.prompt_version,dl1_0.status,dl1_0.store_id,dl1_0.tenant_id from decision_logs dl1_0 where dl1_0.id=?
Hibernate: update decision_logs set action_plan=?,agent_name=?,approved_at=?,approved_by=?,correlation_id=?,input_data=?,intent=?,llm_request=?,llm_response=?,prompt_name=?,prompt_version=?,status=?,store_id=?,tenant_id=? where id=?
Hibernate: select dl1_0.id,dl1_0.action_plan,dl1_0.agent_name,dl1_0.approved_at,dl1_0.approved_by,dl1_0.correlation_id,dl1_0.created_at,dl1_0.input_data,dl1_0.intent,dl1_0.llm_request,dl1_0.llm_response,dl1_0.prompt_name,dl1_0.prompt_version,dl1_0.status,dl1_0.store_id,dl1_0.tenant_id from decision_logs dl1_0 where dl1_0.id=?
Hibernate: select ea1_0.id from executed_actions ea1_0 where ea1_0.idempotency_key=? fetch first ? rows only
2026-02-17 21:25:09,537 [no-correlation] INFO  com.erp.ia.execution.ActionExecutor - Dispatching action DRAFT_PURCHASE_ORDER [key=cee2d932-a277-4c6a-804e-d45b57eaf447] to DraftPurchaseOrderHandler
2026-02-17 21:25:09,537 [no-correlation] INFO  c.e.i.e.h.DraftPurchaseOrderHandler - Creating draft purchase order: supplier=Fornecedor Padrão, reason=Reposição automática - itens abaixo do mínimo, auditId=1d8c0895-fa05-4fab-aee9-6deebf71c5ba
Hibernate: insert into purchase_orders (approved_by,created_at,created_by,notes,order_number,status,store_id,supplier,tenant_id,total,updated_at) values (?,?,?,?,?,?,?,?,?,?,?)
2026-02-17 21:25:09,540 [no-correlation] INFO  c.e.i.e.h.DraftPurchaseOrderHandler - Purchase order created: id=2, orderNumber=PO-CE2C74F1
2026-02-17 21:25:09,540 [no-correlation] INFO  com.erp.ia.event.InMemoryEventBus - Publishing event: PURCHASE_ORDER_DRAFTED (id=16324716-14ab-4466-81a1-7e8717580b8d)
Hibernate: insert into executed_actions (action_type,audit_id,executed_at,executed_by,idempotency_key,result_json,status,tenant_id) values (?,?,?,?,?,?,?,?)
Hibernate: update decision_logs set action_plan=?,agent_name=?,approved_at=?,approved_by=?,correlation_id=?,input_data=?,intent=?,llm_request=?,llm_response=?,prompt_name=?,prompt_version=?,status=?,store_id=?,tenant_id=? where id=?
Hibernate: update purchase_orders set approved_by=?,created_by=?,notes=?,order_number=?,status=?,store_id=?,supplier=?,tenant_id=?,total=?,updated_at=? where id=?
Hibernate: select dl1_0.id,dl1_0.action_plan,dl1_0.agent_name,dl1_0.approved_at,dl1_0.approved_by,dl1_0.correlation_id,dl1_0.created_at,dl1_0.input_data,dl1_0.intent,dl1_0.llm_request,dl1_0.llm_response,dl1_0.prompt_name,dl1_0.prompt_version,dl1_0.status,dl1_0.store_id,dl1_0.tenant_id from decision_logs dl1_0 where dl1_0.id=?
]]></system-out>
  </testcase>
</testsuite>